2020-07-03T18:18:05.129Z org.springframework.context.support.PostProcessorRegistrationDelegate$BeanPostProcessorChecker [] - Bean 'org.springframework.cloud.autoconfigure.ConfigurationPropertiesRebinderAutoConfiguration' of type [org.springframework.cloud.autoconfigure.ConfigurationPropertiesRebinderAutoConfiguration] is not eligible for getting processed by all BeanPostProcessors (for example: not eligible for auto-proxying)
2020-07-03T18:18:05.317Z org.apache.fineract.infrastructure.core.boot.WarWebApplicationInitializer [] - The following profiles are active: oauth
2020-07-03T18:18:06.875Z org.springframework.security.core.SpringSecurityCoreVersion [] - You are running with Spring Security Core 5.2.1.RELEASE
2020-07-03T18:18:06.881Z org.springframework.security.config.SecurityNamespaceHandler [] - Spring Security 'config' module version is 5.2.1.RELEASE
2020-07-03T18:18:06.913Z org.springframework.security.config.method.GlobalMethodSecurityBeanDefinitionParser [] - Expressions were enabled for method security but no SecurityExpressionHandler was configured. All hasPermision() expressions will evaluate to false.
2020-07-03T18:18:09.135Z org.springframework.data.repository.config.RepositoryConfigurationDelegate [] - Bootstrapping Spring Data JPA repositories in DEFAULT mode.
2020-07-03T18:18:09.246Z org.springframework.data.repository.config.RepositoryConfigurationDelegate [] - Finished Spring Data repository scanning in 85ms. Found 1 JPA repository interfaces.
2020-07-03T18:18:09.246Z org.springframework.data.repository.config.RepositoryConfigurationDelegate [] - Bootstrapping Spring Data JPA repositories in DEFAULT mode.
2020-07-03T18:18:09.853Z org.springframework.data.repository.config.RepositoryConfigurationDelegate [] - Finished Spring Data repository scanning in 606ms. Found 32 JPA repository interfaces.
2020-07-03T18:18:09.853Z org.springframework.data.repository.config.RepositoryConfigurationDelegate [] - Bootstrapping Spring Data JPA repositories in DEFAULT mode.
2020-07-03T18:18:09.900Z org.springframework.data.repository.config.RepositoryConfigurationDelegate [] - Finished Spring Data repository scanning in 47ms. Found 8 JPA repository interfaces.
2020-07-03T18:18:09.900Z org.springframework.data.repository.config.RepositoryConfigurationDelegate [] - Bootstrapping Spring Data JPA repositories in DEFAULT mode.
2020-07-03T18:18:09.930Z org.springframework.data.repository.config.RepositoryConfigurationDelegate [] - Finished Spring Data repository scanning in 29ms. Found 5 JPA repository interfaces.
2020-07-03T18:18:09.930Z org.springframework.data.repository.config.RepositoryConfigurationDelegate [] - Bootstrapping Spring Data JPA repositories in DEFAULT mode.
2020-07-03T18:18:10.007Z org.springframework.data.repository.config.RepositoryConfigurationDelegate [] - Finished Spring Data repository scanning in 77ms. Found 14 JPA repository interfaces.
2020-07-03T18:18:10.008Z org.springframework.data.repository.config.RepositoryConfigurationDelegate [] - Bootstrapping Spring Data JPA repositories in DEFAULT mode.
2020-07-03T18:18:10.866Z org.springframework.data.repository.config.RepositoryConfigurationDelegate [] - Finished Spring Data repository scanning in 858ms. Found 63 JPA repository interfaces.
2020-07-03T18:18:10.866Z org.springframework.data.repository.config.RepositoryConfigurationDelegate [] - Bootstrapping Spring Data JPA repositories in DEFAULT mode.
2020-07-03T18:18:10.874Z org.springframework.data.repository.config.RepositoryConfigurationDelegate [] - Finished Spring Data repository scanning in 7ms. Found 1 JPA repository interfaces.
2020-07-03T18:18:10.874Z org.springframework.data.repository.config.RepositoryConfigurationDelegate [] - Bootstrapping Spring Data JPA repositories in DEFAULT mode.
2020-07-03T18:18:10.875Z org.springframework.data.repository.config.RepositoryConfigurationDelegate [] - Finished Spring Data repository scanning in 1ms. Found 0 JPA repository interfaces.
2020-07-03T18:18:10.875Z org.springframework.data.repository.config.RepositoryConfigurationDelegate [] - Bootstrapping Spring Data JPA repositories in DEFAULT mode.
2020-07-03T18:18:10.886Z org.springframework.data.repository.config.RepositoryConfigurationDelegate [] - Finished Spring Data repository scanning in 11ms. Found 1 JPA repository interfaces.
2020-07-03T18:18:10.887Z org.springframework.data.repository.config.RepositoryConfigurationDelegate [] - Bootstrapping Spring Data JPA repositories in DEFAULT mode.
2020-07-03T18:18:10.895Z org.springframework.data.repository.config.RepositoryConfigurationDelegate [] - Finished Spring Data repository scanning in 8ms. Found 1 JPA repository interfaces.
2020-07-03T18:18:10.896Z org.springframework.data.repository.config.RepositoryConfigurationDelegate [] - Bootstrapping Spring Data JPA repositories in DEFAULT mode.
2020-07-03T18:18:10.904Z org.springframework.data.repository.config.RepositoryConfigurationDelegate [] - Finished Spring Data repository scanning in 8ms. Found 1 JPA repository interfaces.
2020-07-03T18:18:10.904Z org.springframework.data.repository.config.RepositoryConfigurationDelegate [] - Bootstrapping Spring Data JPA repositories in DEFAULT mode.
2020-07-03T18:18:10.933Z org.springframework.data.repository.config.RepositoryConfigurationDelegate [] - Finished Spring Data repository scanning in 28ms. Found 4 JPA repository interfaces.
2020-07-03T18:18:10.933Z org.springframework.data.repository.config.RepositoryConfigurationDelegate [] - Bootstrapping Spring Data JPA repositories in DEFAULT mode.
2020-07-03T18:18:10.953Z org.springframework.data.repository.config.RepositoryConfigurationDelegate [] - Finished Spring Data repository scanning in 20ms. Found 3 JPA repository interfaces.
2020-07-03T18:18:10.954Z org.springframework.data.repository.config.RepositoryConfigurationDelegate [] - Bootstrapping Spring Data JPA repositories in DEFAULT mode.
2020-07-03T18:18:10.964Z org.springframework.data.repository.config.RepositoryConfigurationDelegate [] - Finished Spring Data repository scanning in 9ms. Found 1 JPA repository interfaces.
2020-07-03T18:18:11.076Z org.springframework.security.config.http.FilterInvocationSecurityMetadataSourceParser [] - Creating access control expression attribute 'permitAll' for /api//v1/**
2020-07-03T18:18:11.076Z org.springframework.security.config.http.FilterInvocationSecurityMetadataSourceParser [] - Creating access control expression attribute 'isFullyAuthenticated()' for /api/*/twofactor
2020-07-03T18:18:11.076Z org.springframework.security.config.http.FilterInvocationSecurityMetadataSourceParser [] - Creating access control expression attribute 'isFullyAuthenticated()' for /api/*/twofactor
2020-07-03T18:18:11.076Z org.springframework.security.config.http.FilterInvocationSecurityMetadataSourceParser [] - Creating access control expression attribute 'isFullyAuthenticated()' for /api/*/twofactor/validate
2020-07-03T18:18:11.076Z org.springframework.security.config.http.FilterInvocationSecurityMetadataSourceParser [] - Creating access control expression attribute 'isFullyAuthenticated() and hasAuthority('TWOFACTOR_AUTHENTICATED')' for /api/v1/**
2020-07-03T18:18:11.076Z org.springframework.security.config.http.FilterInvocationSecurityMetadataSourceParser [] - Creating access control expression attribute 'isFullyAuthenticated() and hasAuthority('TWOFACTOR_AUTHENTICATED')' for /api/v1/**
2020-07-03T18:18:11.076Z org.springframework.security.config.http.FilterInvocationSecurityMetadataSourceParser [] - Creating access control expression attribute 'isFullyAuthenticated() and hasAuthority('TWOFACTOR_AUTHENTICATED')' for /api/v1/**
2020-07-03T18:18:11.076Z org.springframework.security.config.http.FilterInvocationSecurityMetadataSourceParser [] - Creating access control expression attribute 'isFullyAuthenticated() and hasAuthority('TWOFACTOR_AUTHENTICATED')' for /api/v1/**
2020-07-03T18:18:11.076Z org.springframework.security.config.http.FilterInvocationSecurityMetadataSourceParser [] - Creating access control expression attribute 'isFullyAuthenticated() and hasAuthority('TWOFACTOR_AUTHENTICATED')' for /api/v1/**
2020-07-03T18:18:11.102Z org.springframework.security.config.http.HttpSecurityBeanDefinitionParser [] - Checking sorted filter chain: [<tenantIdentifierProcessingFilter>, order = -2147483648, Root bean: class [org.springframework.security.web.access.channel.ChannelProcessingFilter]; scope=; abstract=false; lazyInit=null; autowireMode=0; dependencyCheck=0; autowireCandidate=true; primary=false; factoryBeanName=null; factoryMethodName=null; initMethodName=null; destroyMethodName=null, order = 100, Root bean: class [org.springframework.security.web.context.SecurityContextPersistenceFilter]; scope=; abstract=false; lazyInit=null; autowireMode=0; dependencyCheck=0; autowireCandidate=true; primary=false; factoryBeanName=null; factoryMethodName=null; initMethodName=null; destroyMethodName=null, order = 200, Root bean: class [org.springframework.security.web.context.request.async.WebAsyncManagerIntegrationFilter]; scope=; abstract=false; lazyInit=null; autowireMode=0; dependencyCheck=0; autowireCandidate=true; primary=false; factoryBeanName=null; factoryMethodName=null; initMethodName=null; destroyMethodName=null, order = 400, Root bean: class [org.springframework.security.web.header.HeaderWriterFilter]; scope=; abstract=false; lazyInit=null; autowireMode=0; dependencyCheck=0; autowireCandidate=true; primary=false; factoryBeanName=null; factoryMethodName=null; initMethodName=null; destroyMethodName=null, order = 500, <resourceServerFilter>, order = 999, <twoFactorAuthFilter>, order = 1801, Root bean: class [null]; scope=; abstract=false; lazyInit=null; autowireMode=0; dependencyCheck=0; autowireCandidate=true; primary=false; factoryBeanName=org.springframework.security.config.http.HttpConfigurationBuilder$SecurityContextHolderAwareRequestFilterBeanFactory#0; factoryMethodName=getBean; initMethodName=null; destroyMethodName=null, order = 2000, Root bean: class [org.springframework.security.web.access.ExceptionTranslationFilter]; scope=; abstract=false; lazyInit=null; autowireMode=0; dependencyCheck=0; autowireCandidate=true; primary=false; factoryBeanName=null; factoryMethodName=null; initMethodName=null; destroyMethodName=null, order = 2500, <org.springframework.security.web.access.intercept.FilterSecurityInterceptor#0>, order = 2600]
2020-07-03T18:18:11.105Z org.springframework.security.config.http.FilterInvocationSecurityMetadataSourceParser [] - Creating access control expression attribute 'permitAll' for /api/oauth/token
2020-07-03T18:18:11.105Z org.springframework.security.config.http.FilterInvocationSecurityMetadataSourceParser [] - Creating access control expression attribute 'isFullyAuthenticated()' for /api/oauth/token
2020-07-03T18:18:11.106Z org.springframework.security.config.http.HttpSecurityBeanDefinitionParser [] - Checking sorted filter chain: [<tenantIdentifierProcessingFilter>, order = -2147483648, Root bean: class [org.springframework.security.web.access.channel.ChannelProcessingFilter]; scope=; abstract=false; lazyInit=null; autowireMode=0; dependencyCheck=0; autowireCandidate=true; primary=false; factoryBeanName=null; factoryMethodName=null; initMethodName=null; destroyMethodName=null, order = 100, Root bean: class [org.springframework.security.web.context.SecurityContextPersistenceFilter]; scope=; abstract=false; lazyInit=null; autowireMode=0; dependencyCheck=0; autowireCandidate=true; primary=false; factoryBeanName=null; factoryMethodName=null; initMethodName=null; destroyMethodName=null, order = 200, Root bean: class [org.springframework.security.web.context.request.async.WebAsyncManagerIntegrationFilter]; scope=; abstract=false; lazyInit=null; autowireMode=0; dependencyCheck=0; autowireCandidate=true; primary=false; factoryBeanName=null; factoryMethodName=null; initMethodName=null; destroyMethodName=null, order = 400, Root bean: class [org.springframework.security.web.header.HeaderWriterFilter]; scope=; abstract=false; lazyInit=null; autowireMode=0; dependencyCheck=0; autowireCandidate=true; primary=false; factoryBeanName=null; factoryMethodName=null; initMethodName=null; destroyMethodName=null, order = 500, <clientCredentialsTokenEndpointFilter>, order = 1799, Root bean: class [null]; scope=; abstract=false; lazyInit=null; autowireMode=0; dependencyCheck=0; autowireCandidate=true; primary=false; factoryBeanName=org.springframework.security.config.http.HttpConfigurationBuilder$SecurityContextHolderAwareRequestFilterBeanFactory#1; factoryMethodName=getBean; initMethodName=null; destroyMethodName=null, order = 2000, Root bean: class [org.springframework.security.web.access.ExceptionTranslationFilter]; scope=; abstract=false; lazyInit=null; autowireMode=0; dependencyCheck=0; autowireCandidate=true; primary=false; factoryBeanName=null; factoryMethodName=null; initMethodName=null; destroyMethodName=null, order = 2500, <org.springframework.security.web.access.intercept.FilterSecurityInterceptor#1>, order = 2600]
2020-07-03T18:18:11.187Z org.springframework.data.repository.config.RepositoryConfigurationDelegate [] - Bootstrapping Spring Data JPA repositories in DEFAULT mode.
2020-07-03T18:18:11.208Z org.springframework.data.repository.config.RepositoryConfigurationDelegate [] - Finished Spring Data repository scanning in 20ms. Found 3 JPA repository interfaces.
2020-07-03T18:18:14.329Z org.springframework.cloud.context.scope.GenericScope [] - BeanFactory id=3b085684-f85c-39e6-8795-d39d93d2b7d1
2020-07-03T18:18:15.752Z org.springframework.context.support.PostProcessorRegistrationDelegate$BeanPostProcessorChecker [] - Bean 'org.springframework.security.config.method.GlobalMethodSecurityBeanDefinitionParser$DefaultMethodSecurityExpressionHandlerBeanFactory#0' of type [org.springframework.security.config.method.GlobalMethodSecurityBeanDefinitionParser$DefaultMethodSecurityExpressionHandlerBeanFactory] is not eligible for getting processed by all BeanPostProcessors (for example: not eligible for auto-proxying)
2020-07-03T18:18:15.772Z org.springframework.context.support.PostProcessorRegistrationDelegate$BeanPostProcessorChecker [] - Bean 'org.springframework.security.config.method.GlobalMethodSecurityBeanDefinitionParser$DefaultMethodSecurityExpressionHandlerBeanFactory#0$created#0' of type [org.springframework.security.access.expression.method.DefaultMethodSecurityExpressionHandler] is not eligible for getting processed by all BeanPostProcessors (for example: not eligible for auto-proxying)
2020-07-03T18:18:15.773Z org.springframework.context.support.PostProcessorRegistrationDelegate$BeanPostProcessorChecker [] - Bean '(inner bean)#7551b8f3' of type [org.springframework.security.access.expression.method.ExpressionBasedAnnotationAttributeFactory] is not eligible for getting processed by all BeanPostProcessors (for example: not eligible for auto-proxying)
2020-07-03T18:18:15.775Z org.springframework.context.support.PostProcessorRegistrationDelegate$BeanPostProcessorChecker [] - Bean '(inner bean)#42651c6c' of type [org.springframework.security.access.prepost.PrePostAnnotationSecurityMetadataSource] is not eligible for getting processed by all BeanPostProcessors (for example: not eligible for auto-proxying)
2020-07-03T18:18:15.777Z org.springframework.context.support.PostProcessorRegistrationDelegate$BeanPostProcessorChecker [] - Bean 'org.springframework.security.access.method.DelegatingMethodSecurityMetadataSource#0' of type [org.springframework.security.access.method.DelegatingMethodSecurityMetadataSource] is not eligible for getting processed by all BeanPostProcessors (for example: not eligible for auto-proxying)
2020-07-03T18:18:15.794Z org.springframework.context.support.PostProcessorRegistrationDelegate$BeanPostProcessorChecker [] - Bean 'org.springframework.transaction.annotation.ProxyTransactionManagementConfiguration' of type [org.springframework.transaction.annotation.ProxyTransactionManagementConfiguration] is not eligible for getting processed by all BeanPostProcessors (for example: not eligible for auto-proxying)
2020-07-03T18:18:15.875Z org.springframework.context.support.PostProcessorRegistrationDelegate$BeanPostProcessorChecker [] - Bean 'org.springframework.cloud.autoconfigure.ConfigurationPropertiesRebinderAutoConfiguration' of type [org.springframework.cloud.autoconfigure.ConfigurationPropertiesRebinderAutoConfiguration] is not eligible for getting processed by all BeanPostProcessors (for example: not eligible for auto-proxying)
2020-07-03T18:18:15.904Z org.springframework.context.support.PostProcessorRegistrationDelegate$BeanPostProcessorChecker [] - Bean 'org.springframework.cloud.sleuth.instrument.messaging.TraceMessagingAutoConfiguration$SleuthKafkaConfiguration' of type [org.springframework.cloud.sleuth.instrument.messaging.TraceMessagingAutoConfiguration$SleuthKafkaConfiguration] is not eligible for getting processed by all BeanPostProcessors (for example: not eligible for auto-proxying)
2020-07-03T18:18:16.019Z org.springframework.web.context.ContextLoader [] - Root WebApplicationContext: initialization completed in 10675 ms
2020-07-03T18:18:17.707Z org.apache.fineract.infrastructure.core.service.TenantDatabaseUpgradeService [] - upgradeTenantDB: FINERACT_DEFAULT_TENANTDB_HOSTNAME = localhost, FINERACT_DEFAULT_TENANTDB_PORT = 3306
2020-07-03T18:18:18.170Z com.googlecode.flyway.core.command.DbMigrate [] - Current version of schema `mifosplatform-tenants`: 4
2020-07-03T18:18:18.170Z com.googlecode.flyway.core.command.DbMigrate [] - outOfOrder mode is active. Migration of schema `mifosplatform-tenants` may not be reproducible.
2020-07-03T18:18:18.180Z com.googlecode.flyway.core.command.DbMigrate [] - Schema `mifosplatform-tenants` is up to date. No migration necessary.
2020-07-03T18:18:19.233Z com.googlecode.flyway.core.command.DbMigrate [] - Current version of schema `mifostenant-default`: 355
2020-07-03T18:18:19.233Z com.googlecode.flyway.core.command.DbMigrate [] - outOfOrder mode is active. Migration of schema `mifostenant-default` may not be reproducible.
2020-07-03T18:18:19.241Z com.googlecode.flyway.core.command.DbMigrate [] - Schema `mifostenant-default` is up to date. No migration necessary.
2020-07-03T18:18:21.108Z org.springframework.orm.jpa.LocalContainerEntityManagerFactoryBean [] - Initialized JPA EntityManagerFactory for persistence unit 'jpa-pu'
2020-07-03T18:18:24.240Z org.springframework.cache.ehcache.EhCacheManagerFactoryBean [] - Initializing EhCache CacheManager
2020-07-03T18:18:24.884Z org.springframework.security.web.access.channel.ChannelProcessingFilter [] - Validated configuration attributes
2020-07-03T18:18:26.785Z org.springframework.security.web.DefaultSecurityFilterChain [] - Creating filter chain: Ant [pattern='/api/v1/**'], [org.apache.fineract.infrastructure.security.filter.TenantAwareTenantIdentifierFilter@7c8f84da, org.springframework.security.web.access.channel.ChannelProcessingFilter@59ef06ae, org.springframework.security.web.context.SecurityContextPersistenceFilter@4a9a1ab9, org.springframework.security.web.context.request.async.WebAsyncManagerIntegrationFilter@7707c8f, org.springframework.security.web.header.HeaderWriterFilter@4f8f3a5b, org.springframework.security.oauth2.provider.authentication.OAuth2AuthenticationProcessingFilter@16d3e3e6, org.apache.fineract.infrastructure.security.filter.InsecureTwoFactorAuthenticationFilter@57478ef1, org.springframework.security.web.servletapi.SecurityContextHolderAwareRequestFilter@3c7e1b93, org.springframework.security.web.access.ExceptionTranslationFilter@6a1068f6, org.springframework.security.web.access.intercept.FilterSecurityInterceptor@7d22eb5d]
2020-07-03T18:18:26.793Z org.springframework.security.web.access.channel.ChannelProcessingFilter [] - Validated configuration attributes
2020-07-03T18:18:26.909Z org.springframework.security.web.DefaultSecurityFilterChain [] - Creating filter chain: Ant [pattern='/api/oauth/token'], [org.apache.fineract.infrastructure.security.filter.TenantAwareTenantIdentifierFilter@7c8f84da, org.springframework.security.web.access.channel.ChannelProcessingFilter@2c5ae642, org.springframework.security.web.context.SecurityContextPersistenceFilter@14023817, org.springframework.security.web.context.request.async.WebAsyncManagerIntegrationFilter@782f7772, org.springframework.security.web.header.HeaderWriterFilter@220c504a, org.springframework.security.oauth2.provider.client.ClientCredentialsTokenEndpointFilter@2d378564, org.springframework.security.web.servletapi.SecurityContextHolderAwareRequestFilter@9437d53, org.springframework.security.web.access.ExceptionTranslationFilter@3e604df7, org.springframework.security.web.access.intercept.FilterSecurityInterceptor@5383cf58]
2020-07-03T18:18:28.049Z org.springframework.cloud.sleuth.zipkin2.ZipkinAutoConfiguration [] - Check result of the [AsyncReporter{org.springframework.cloud.sleuth.zipkin2.sender.RestTemplateSender@7e8f08eb}] contains an error [CheckResult{ok=false, error=org.springframework.web.client.ResourceAccessException: I/O error on POST request for "http://localhost:9411/api/v2/spans": Read timed out; nested exception is java.net.SocketTimeoutException: Read timed out}]
2020-07-03T18:18:28.302Z org.springframework.boot.web.servlet.RegistrationBean [] - Filter insecureTwoFactorAuthenticationFilter was not registered (disabled)
2020-07-03T18:18:28.305Z org.springframework.boot.web.servlet.RegistrationBean [] - Servlet dispatcherServlet was not registered (possibly already registered?)
2020-07-03T18:18:35.064Z org.apache.fineract.commands.provider.CommandHandlerProvider [] - Register command handler 'executePeriodicAccrualCommandHandler' ...
2020-07-03T18:18:35.064Z org.apache.fineract.commands.provider.CommandHandlerProvider [] - Register command handler 'createGLClosureCommandHandler' ...
2020-07-03T18:18:35.064Z org.apache.fineract.commands.provider.CommandHandlerProvider [] - Register command handler 'deleteGLClosureCommandHandler' ...
2020-07-03T18:18:35.064Z org.apache.fineract.commands.provider.CommandHandlerProvider [] - Register command handler 'updateGLClosureCommandHandler' ...
2020-07-03T18:18:35.064Z org.apache.fineract.commands.provider.CommandHandlerProvider [] - Register command handler 'createFinancialActivityAccountHandler' ...
2020-07-03T18:18:35.064Z org.apache.fineract.commands.provider.CommandHandlerProvider [] - Register command handler 'deleteFinancialActivityAccountCommandHandler' ...
2020-07-03T18:18:35.064Z org.apache.fineract.commands.provider.CommandHandlerProvider [] - Register command handler 'updateFinancialActivityAccountCommandHandler' ...
2020-07-03T18:18:35.064Z org.apache.fineract.commands.provider.CommandHandlerProvider [] - Register command handler 'createGLAccountCommandHandler' ...
2020-07-03T18:18:35.064Z org.apache.fineract.commands.provider.CommandHandlerProvider [] - Register command handler 'deleteGLAccountCommandHandler' ...
2020-07-03T18:18:35.064Z org.apache.fineract.commands.provider.CommandHandlerProvider [] - Register command handler 'updateGLAccountCommandHandler' ...
2020-07-03T18:18:35.064Z org.apache.fineract.commands.provider.CommandHandlerProvider [] - Register command handler 'createJournalEntryCommandHandler' ...
2020-07-03T18:18:35.065Z org.apache.fineract.commands.provider.CommandHandlerProvider [] - Register command handler 'defineOpeningBalanceCommandHandler' ...
2020-07-03T18:18:35.065Z org.apache.fineract.commands.provider.CommandHandlerProvider [] - Register command handler 'reverseJournalEntryCommandHandler' ...
2020-07-03T18:18:35.065Z org.apache.fineract.commands.provider.CommandHandlerProvider [] - Register command handler 'updateRunningBalanceCommandHandler' ...
2020-07-03T18:18:35.065Z org.apache.fineract.commands.provider.CommandHandlerProvider [] - Register command handler 'createProvisioningEntriesRequestCommandHandler' ...
2020-07-03T18:18:35.065Z org.apache.fineract.commands.provider.CommandHandlerProvider [] - Register command handler 'createProvisioningJournalEntriesRequestCommandHandler' ...
2020-07-03T18:18:35.065Z org.apache.fineract.commands.provider.CommandHandlerProvider [] - Register command handler 'reCreateProvisioningEntryRequestCommandHandler' ...
2020-07-03T18:18:35.066Z org.apache.fineract.commands.provider.CommandHandlerProvider [] - Register command handler 'createAccountingRuleCommandHandler' ...
2020-07-03T18:18:35.066Z org.apache.fineract.commands.provider.CommandHandlerProvider [] - Register command handler 'deleteAccountingRuleCommandHandler' ...
2020-07-03T18:18:35.066Z org.apache.fineract.commands.provider.CommandHandlerProvider [] - Register command handler 'updateAccountingRuleCommandHandler' ...
2020-07-03T18:18:35.066Z org.apache.fineract.commands.provider.CommandHandlerProvider [] - Register command handler 'addOrganisationCreditBureauCommandHandler' ...
2020-07-03T18:18:35.066Z org.apache.fineract.commands.provider.CommandHandlerProvider [] - Register command handler 'createCreditBureauLoanProductMappingCommandHandler' ...
2020-07-03T18:18:35.066Z org.apache.fineract.commands.provider.CommandHandlerProvider [] - Register command handler 'updateCreditBureauCommandHandler' ...
2020-07-03T18:18:35.066Z org.apache.fineract.commands.provider.CommandHandlerProvider [] - Register command handler 'updateCreditBureauLoanProductMappingCommandHandler' ...
2020-07-03T18:18:35.066Z org.apache.fineract.commands.provider.CommandHandlerProvider [] - Register command handler 'createAccountNumberFormatCommandHandler' ...
2020-07-03T18:18:35.066Z org.apache.fineract.commands.provider.CommandHandlerProvider [] - Register command handler 'deleteAccountNumberFormatCommandHandler' ...
2020-07-03T18:18:35.066Z org.apache.fineract.commands.provider.CommandHandlerProvider [] - Register command handler 'updateAccountNumberFormatCommandHandler' ...
2020-07-03T18:18:35.066Z org.apache.fineract.commands.provider.CommandHandlerProvider [] - Register command handler 'updateCacheCommandHandler' ...
2020-07-03T18:18:35.066Z org.apache.fineract.commands.provider.CommandHandlerProvider [] - Register command handler 'activateEmailCampaignCommandHandler' ...
2020-07-03T18:18:35.066Z org.apache.fineract.commands.provider.CommandHandlerProvider [] - Register command handler 'closeEmailCampaignCommandHandler' ...
2020-07-03T18:18:35.066Z org.apache.fineract.commands.provider.CommandHandlerProvider [] - Register command handler 'createEmailCampaignCommandHandler' ...
2020-07-03T18:18:35.066Z org.apache.fineract.commands.provider.CommandHandlerProvider [] - Register command handler 'createEmailCommandHandler' ...
2020-07-03T18:18:35.066Z org.apache.fineract.commands.provider.CommandHandlerProvider [] - Register command handler 'deleteEmailCampaignCommandHandler' ...
2020-07-03T18:18:35.066Z org.apache.fineract.commands.provider.CommandHandlerProvider [] - Register command handler 'deleteEmailCommandHandler' ...
2020-07-03T18:18:35.066Z org.apache.fineract.commands.provider.CommandHandlerProvider [] - Register command handler 'reactivateEmailCampaignCommandHandler' ...
2020-07-03T18:18:35.066Z org.apache.fineract.commands.provider.CommandHandlerProvider [] - Register command handler 'updateEmailCampaignCommandHandler' ...
2020-07-03T18:18:35.066Z org.apache.fineract.commands.provider.CommandHandlerProvider [] - Register command handler 'updateEmailConfigurationCommandHandler' ...
2020-07-03T18:18:35.066Z org.apache.fineract.commands.provider.CommandHandlerProvider [] - Register command handler 'activateSmsCampaignCommandHandler' ...
2020-07-03T18:18:35.066Z org.apache.fineract.commands.provider.CommandHandlerProvider [] - Register command handler 'closeSmsCampaignCommandHandler' ...
2020-07-03T18:18:35.066Z org.apache.fineract.commands.provider.CommandHandlerProvider [] - Register command handler 'createSmsCampaignCommandHandler' ...
2020-07-03T18:18:35.066Z org.apache.fineract.commands.provider.CommandHandlerProvider [] - Register command handler 'deleteSmsCampaignCommandHandler' ...
2020-07-03T18:18:35.066Z org.apache.fineract.commands.provider.CommandHandlerProvider [] - Register command handler 'reactivateSmsCampaignCommandHandler' ...
2020-07-03T18:18:35.066Z org.apache.fineract.commands.provider.CommandHandlerProvider [] - Register command handler 'updateSmsCampaignCommandHandler' ...
2020-07-03T18:18:35.066Z org.apache.fineract.commands.provider.CommandHandlerProvider [] - Register command handler 'createCodeCommandHandler' ...
2020-07-03T18:18:35.066Z org.apache.fineract.commands.provider.CommandHandlerProvider [] - Register command handler 'createCodeValueCommandHandler' ...
2020-07-03T18:18:35.066Z org.apache.fineract.commands.provider.CommandHandlerProvider [] - Register command handler 'deleteCodeCommandHandler' ...
2020-07-03T18:18:35.066Z org.apache.fineract.commands.provider.CommandHandlerProvider [] - Register command handler 'deleteCodeValueCommandHandler' ...
2020-07-03T18:18:35.066Z org.apache.fineract.commands.provider.CommandHandlerProvider [] - Register command handler 'updateCodeCommandHandler' ...
2020-07-03T18:18:35.066Z org.apache.fineract.commands.provider.CommandHandlerProvider [] - Register command handler 'updateCodeValueCommandHandler' ...
2020-07-03T18:18:35.067Z org.apache.fineract.commands.provider.CommandHandlerProvider [] - Register command handler 'updateExternalServiceConfigurationCommandHandler' ...
2020-07-03T18:18:35.067Z org.apache.fineract.commands.provider.CommandHandlerProvider [] - Register command handler 'updateGlobalConfigurationCommandHandler' ...
2020-07-03T18:18:35.067Z org.apache.fineract.commands.provider.CommandHandlerProvider [] - Register command handler 'createEntityDatatableChecksCommandHandler' ...
2020-07-03T18:18:35.067Z org.apache.fineract.commands.provider.CommandHandlerProvider [] - Register command handler 'createReportCommandHandler' ...
2020-07-03T18:18:35.067Z org.apache.fineract.commands.provider.CommandHandlerProvider [] - Register command handler 'deleteEntityDatatableChecksCommandHandler' ...
2020-07-03T18:18:35.067Z org.apache.fineract.commands.provider.CommandHandlerProvider [] - Register command handler 'deleteReportCommandHandler' ...
2020-07-03T18:18:35.067Z org.apache.fineract.commands.provider.CommandHandlerProvider [] - Register command handler 'updateReportCommandHandler' ...
2020-07-03T18:18:35.067Z org.apache.fineract.commands.provider.CommandHandlerProvider [] - Register command handler 'createEntityToEntityMappingCommandHandler' ...
2020-07-03T18:18:35.067Z org.apache.fineract.commands.provider.CommandHandlerProvider [] - Register command handler 'deleteEntityToEntityMappingCommandHandler' ...
2020-07-03T18:18:35.067Z org.apache.fineract.commands.provider.CommandHandlerProvider [] - Register command handler 'updateEntityToEntityMappingCommandHandler' ...
2020-07-03T18:18:35.067Z org.apache.fineract.commands.provider.CommandHandlerProvider [] - Register command handler 'createHookCommandHandler' ...
2020-07-03T18:18:35.067Z org.apache.fineract.commands.provider.CommandHandlerProvider [] - Register command handler 'deleteHookCommandHandler' ...
2020-07-03T18:18:35.067Z org.apache.fineract.commands.provider.CommandHandlerProvider [] - Register command handler 'updateHookCommandHandler' ...
2020-07-03T18:18:35.067Z org.apache.fineract.commands.provider.CommandHandlerProvider [] - Register command handler 'updateJobDetailCommandhandler' ...
2020-07-03T18:18:35.067Z org.apache.fineract.commands.provider.CommandHandlerProvider [] - Register command handler 'createReportMailingJobCommandHandler' ...
2020-07-03T18:18:35.067Z org.apache.fineract.commands.provider.CommandHandlerProvider [] - Register command handler 'deleteReportMailingJobCommandHandler' ...
2020-07-03T18:18:35.067Z org.apache.fineract.commands.provider.CommandHandlerProvider [] - Register command handler 'updateReportMailingJobCommandHandler' ...
2020-07-03T18:18:35.067Z org.apache.fineract.commands.provider.CommandHandlerProvider [] - Register command handler 'createSmsCommandHandler' ...
2020-07-03T18:18:35.067Z org.apache.fineract.commands.provider.CommandHandlerProvider [] - Register command handler 'deleteSmsCommandHandler' ...
2020-07-03T18:18:35.067Z org.apache.fineract.commands.provider.CommandHandlerProvider [] - Register command handler 'updateSmsCommandHandler' ...
2020-07-03T18:18:35.067Z org.apache.fineract.commands.provider.CommandHandlerProvider [] - Register command handler 'updateLikelihoodCommandHandler' ...
2020-07-03T18:18:35.067Z org.apache.fineract.commands.provider.CommandHandlerProvider [] - Register command handler 'activateHolidayCommandHandler' ...
2020-07-03T18:18:35.067Z org.apache.fineract.commands.provider.CommandHandlerProvider [] - Register command handler 'createHolidayCommandHandler' ...
2020-07-03T18:18:35.067Z org.apache.fineract.commands.provider.CommandHandlerProvider [] - Register command handler 'deleteHolidayCommandHandler' ...
2020-07-03T18:18:35.067Z org.apache.fineract.commands.provider.CommandHandlerProvider [] - Register command handler 'updateHolidayCommandHandler' ...
2020-07-03T18:18:35.067Z org.apache.fineract.commands.provider.CommandHandlerProvider [] - Register command handler 'updateCurrencyCommandHandler' ...
2020-07-03T18:18:35.067Z org.apache.fineract.commands.provider.CommandHandlerProvider [] - Register command handler 'createOfficeCommandHandler' ...
2020-07-03T18:18:35.067Z org.apache.fineract.commands.provider.CommandHandlerProvider [] - Register command handler 'createOfficeTransactionCommandHandler' ...
2020-07-03T18:18:35.067Z org.apache.fineract.commands.provider.CommandHandlerProvider [] - Register command handler 'deleteOfficeTransactionCommandHandler' ...
2020-07-03T18:18:35.067Z org.apache.fineract.commands.provider.CommandHandlerProvider [] - Register command handler 'updateOfficeCommandHandler' ...
2020-07-03T18:18:35.067Z org.apache.fineract.commands.provider.CommandHandlerProvider [] - Register command handler 'createProvisioningCategoryRequestCommandHandler' ...
2020-07-03T18:18:35.067Z org.apache.fineract.commands.provider.CommandHandlerProvider [] - Register command handler 'createProvisioningCriteriaRequestCommandHandler' ...
2020-07-03T18:18:35.067Z org.apache.fineract.commands.provider.CommandHandlerProvider [] - Register command handler 'deleteProvisioningCategoryRequestCommandHandler' ...
2020-07-03T18:18:35.067Z org.apache.fineract.commands.provider.CommandHandlerProvider [] - Register command handler 'deleteProvisioningCriteriaRequestCommandHandler' ...
2020-07-03T18:18:35.067Z org.apache.fineract.commands.provider.CommandHandlerProvider [] - Register command handler 'updateProvisioningCategoryRequestCommandHandler' ...
2020-07-03T18:18:35.067Z org.apache.fineract.commands.provider.CommandHandlerProvider [] - Register command handler 'updateProvisioningCriteriaRequestCommandHandler' ...
2020-07-03T18:18:35.067Z org.apache.fineract.commands.provider.CommandHandlerProvider [] - Register command handler 'createStaffCommandHandler' ...
2020-07-03T18:18:35.068Z org.apache.fineract.commands.provider.CommandHandlerProvider [] - Register command handler 'updateStaffCommandHandler' ...
2020-07-03T18:18:35.068Z org.apache.fineract.commands.provider.CommandHandlerProvider [] - Register command handler 'allocateCashToCashierCommandHandler' ...
2020-07-03T18:18:35.068Z org.apache.fineract.commands.provider.CommandHandlerProvider [] - Register command handler 'allocateCashierToTellerCommandHandler' ...
2020-07-03T18:18:35.068Z org.apache.fineract.commands.provider.CommandHandlerProvider [] - Register command handler 'createTellerCommandHandler' ...
2020-07-03T18:18:35.068Z org.apache.fineract.commands.provider.CommandHandlerProvider [] - Register command handler 'deleteCashierAllocationCommandHandler' ...
2020-07-03T18:18:35.068Z org.apache.fineract.commands.provider.CommandHandlerProvider [] - Register command handler 'deleteTellerCommandHandler' ...
2020-07-03T18:18:35.068Z org.apache.fineract.commands.provider.CommandHandlerProvider [] - Register command handler 'settleCashFromCashierCommandHandler' ...
2020-07-03T18:18:35.068Z org.apache.fineract.commands.provider.CommandHandlerProvider [] - Register command handler 'updateCashierAllocationCommandHandler' ...
2020-07-03T18:18:35.068Z org.apache.fineract.commands.provider.CommandHandlerProvider [] - Register command handler 'updateTellerCommandHandler' ...
2020-07-03T18:18:35.068Z org.apache.fineract.commands.provider.CommandHandlerProvider [] - Register command handler 'updateWorkingDaysCommandHandler' ...
2020-07-03T18:18:35.068Z org.apache.fineract.commands.provider.CommandHandlerProvider [] - Register command handler 'commitInteropTransferHandler' ...
2020-07-03T18:18:35.068Z org.apache.fineract.commands.provider.CommandHandlerProvider [] - Register command handler 'createInteropIdentifierHandler' ...
2020-07-03T18:18:35.068Z org.apache.fineract.commands.provider.CommandHandlerProvider [] - Register command handler 'createInteropQuoteHandler' ...
2020-07-03T18:18:35.068Z org.apache.fineract.commands.provider.CommandHandlerProvider [] - Register command handler 'createInteropRequestHandler' ...
2020-07-03T18:18:35.068Z org.apache.fineract.commands.provider.CommandHandlerProvider [] - Register command handler 'deleteInteropIdentifierHandler' ...
2020-07-03T18:18:35.068Z org.apache.fineract.commands.provider.CommandHandlerProvider [] - Register command handler 'prepareInteropTransferHandler' ...
2020-07-03T18:18:35.068Z org.apache.fineract.commands.provider.CommandHandlerProvider [] - Register command handler 'createGuarantorCommandHandler' ...
2020-07-03T18:18:35.068Z org.apache.fineract.commands.provider.CommandHandlerProvider [] - Register command handler 'deleteGuarantorCommandHandler' ...
2020-07-03T18:18:35.068Z org.apache.fineract.commands.provider.CommandHandlerProvider [] - Register command handler 'updateGuarantorCommandHandler' ...
2020-07-03T18:18:35.068Z org.apache.fineract.commands.provider.CommandHandlerProvider [] - Register command handler 'addLoanChargeCommandHandler' ...
2020-07-03T18:18:35.068Z org.apache.fineract.commands.provider.CommandHandlerProvider [] - Register command handler 'bulkUpdateLoanOfficerCommandHandler' ...
2020-07-03T18:18:35.068Z org.apache.fineract.commands.provider.CommandHandlerProvider [] - Register command handler 'closeLoanAsRescheduledCommandHandler' ...
2020-07-03T18:18:35.069Z org.apache.fineract.commands.provider.CommandHandlerProvider [] - Register command handler 'closeLoanCommandHandler' ...
2020-07-03T18:18:35.069Z org.apache.fineract.commands.provider.CommandHandlerProvider [] - Register command handler 'deleteLoanChargeCommandHandler' ...
2020-07-03T18:18:35.069Z org.apache.fineract.commands.provider.CommandHandlerProvider [] - Register command handler 'disburseLoanCommandHandler' ...
2020-07-03T18:18:35.069Z org.apache.fineract.commands.provider.CommandHandlerProvider [] - Register command handler 'disburseLoanToSavingsCommandHandler' ...
2020-07-03T18:18:35.069Z org.apache.fineract.commands.provider.CommandHandlerProvider [] - Register command handler 'foreClosureCommandHandler' ...
2020-07-03T18:18:35.069Z org.apache.fineract.commands.provider.CommandHandlerProvider [] - Register command handler 'loanApplicationApprovalCommandHandler' ...
2020-07-03T18:18:35.069Z org.apache.fineract.commands.provider.CommandHandlerProvider [] - Register command handler 'loanApplicationApprovalUndoCommandHandler' ...
2020-07-03T18:18:35.069Z org.apache.fineract.commands.provider.CommandHandlerProvider [] - Register command handler 'loanApplicationDeletionCommandHandler' ...
2020-07-03T18:18:35.069Z org.apache.fineract.commands.provider.CommandHandlerProvider [] - Register command handler 'loanApplicationModificationCommandHandler' ...
2020-07-03T18:18:35.069Z org.apache.fineract.commands.provider.CommandHandlerProvider [] - Register command handler 'loanApplicationRejectedCommandHandler' ...
2020-07-03T18:18:35.069Z org.apache.fineract.commands.provider.CommandHandlerProvider [] - Register command handler 'loanApplicationSubmittalCommandHandler' ...
2020-07-03T18:18:35.069Z org.apache.fineract.commands.provider.CommandHandlerProvider [] - Register command handler 'loanApplicationWithdrawnByApplicantCommandHandler' ...
2020-07-03T18:18:35.069Z org.apache.fineract.commands.provider.CommandHandlerProvider [] - Register command handler 'loanRecoveryPaymentCommandHandler' ...
2020-07-03T18:18:35.069Z org.apache.fineract.commands.provider.CommandHandlerProvider [] - Register command handler 'loanRefundByCashCommandHandler' ...
2020-07-03T18:18:35.069Z org.apache.fineract.commands.provider.CommandHandlerProvider [] - Register command handler 'loanRepaymentAdjustmentCommandHandler' ...
2020-07-03T18:18:35.069Z org.apache.fineract.commands.provider.CommandHandlerProvider [] - Register command handler 'loanRepaymentCommandHandler' ...
2020-07-03T18:18:35.069Z org.apache.fineract.commands.provider.CommandHandlerProvider [] - Register command handler 'loanScheduleCreateVariationCommandHandler' ...
2020-07-03T18:18:35.069Z org.apache.fineract.commands.provider.CommandHandlerProvider [] - Register command handler 'loanScheduleDeleteVariationCommandHandler' ...
2020-07-03T18:18:35.069Z org.apache.fineract.commands.provider.CommandHandlerProvider [] - Register command handler 'payLoanChargeCommandHandler' ...
2020-07-03T18:18:35.069Z org.apache.fineract.commands.provider.CommandHandlerProvider [] - Register command handler 'recoverFromGuarantorCommandHandler' ...
2020-07-03T18:18:35.069Z org.apache.fineract.commands.provider.CommandHandlerProvider [] - Register command handler 'removeLoanOfficerCommandHandler' ...
2020-07-03T18:18:35.069Z org.apache.fineract.commands.provider.CommandHandlerProvider [] - Register command handler 'undoDisbursalLoanCommandHandler' ...
2020-07-03T18:18:35.069Z org.apache.fineract.commands.provider.CommandHandlerProvider [] - Register command handler 'undoLastDisbursalLoanCommandHandler' ...
2020-07-03T18:18:35.069Z org.apache.fineract.commands.provider.CommandHandlerProvider [] - Register command handler 'undoWriteOffLoanCommandHandler' ...
2020-07-03T18:18:35.069Z org.apache.fineract.commands.provider.CommandHandlerProvider [] - Register command handler 'updateLoanChargeCommandHandler' ...
2020-07-03T18:18:35.069Z org.apache.fineract.commands.provider.CommandHandlerProvider [] - Register command handler 'updateLoanOfficerCommandHandler' ...
2020-07-03T18:18:35.069Z org.apache.fineract.commands.provider.CommandHandlerProvider [] - Register command handler 'waiveInterestPortionOnLoanCommandHandler' ...
2020-07-03T18:18:35.069Z org.apache.fineract.commands.provider.CommandHandlerProvider [] - Register command handler 'waiveLoanChargeCommandHandler' ...
2020-07-03T18:18:35.069Z org.apache.fineract.commands.provider.CommandHandlerProvider [] - Register command handler 'writeOffLoanCommandHandler' ...
2020-07-03T18:18:35.069Z org.apache.fineract.commands.provider.CommandHandlerProvider [] - Register command handler 'approveLoanRescheduleRequestCommandHandler' ...
2020-07-03T18:18:35.069Z org.apache.fineract.commands.provider.CommandHandlerProvider [] - Register command handler 'createLoanRescheduleRequestCommandHandler' ...
2020-07-03T18:18:35.069Z org.apache.fineract.commands.provider.CommandHandlerProvider [] - Register command handler 'rejectLoanRescheduleRequestCommandHandler' ...
2020-07-03T18:18:35.069Z org.apache.fineract.commands.provider.CommandHandlerProvider [] - Register command handler 'createAccountTransferCommandHandler' ...
2020-07-03T18:18:35.069Z org.apache.fineract.commands.provider.CommandHandlerProvider [] - Register command handler 'createStandingInstructionCommandHandler' ...
2020-07-03T18:18:35.069Z org.apache.fineract.commands.provider.CommandHandlerProvider [] - Register command handler 'deleteStandingInstructionCommandHandler' ...
2020-07-03T18:18:35.069Z org.apache.fineract.commands.provider.CommandHandlerProvider [] - Register command handler 'refundByTransferCommandHandler' ...
2020-07-03T18:18:35.069Z org.apache.fineract.commands.provider.CommandHandlerProvider [] - Register command handler 'updateStandingInstructionCommandHandler' ...
2020-07-03T18:18:35.069Z org.apache.fineract.commands.provider.CommandHandlerProvider [] - Register command handler 'createCalendarCommandHandler' ...
2020-07-03T18:18:35.070Z org.apache.fineract.commands.provider.CommandHandlerProvider [] - Register command handler 'deleteCalendarCommandHandler' ...
2020-07-03T18:18:35.070Z org.apache.fineract.commands.provider.CommandHandlerProvider [] - Register command handler 'updateCalendarCommandHandler' ...
2020-07-03T18:18:35.070Z org.apache.fineract.commands.provider.CommandHandlerProvider [] - Register command handler 'createChargeDefinitionCommandHandler' ...
2020-07-03T18:18:35.070Z org.apache.fineract.commands.provider.CommandHandlerProvider [] - Register command handler 'deleteChargeDefinitionCommandHandler' ...
2020-07-03T18:18:35.070Z org.apache.fineract.commands.provider.CommandHandlerProvider [] - Register command handler 'updateChargeDefinitionCommandHandler' ...
2020-07-03T18:18:35.070Z org.apache.fineract.commands.provider.CommandHandlerProvider [] - Register command handler 'activateClientCommandHandler' ...
2020-07-03T18:18:35.070Z org.apache.fineract.commands.provider.CommandHandlerProvider [] - Register command handler 'addClientAddressCommandHandler' ...
2020-07-03T18:18:35.070Z org.apache.fineract.commands.provider.CommandHandlerProvider [] - Register command handler 'addClientFamilyMemberCommandHandler' ...
2020-07-03T18:18:35.070Z org.apache.fineract.commands.provider.CommandHandlerProvider [] - Register command handler 'assignClientStaffCommandHandler' ...
2020-07-03T18:18:35.070Z org.apache.fineract.commands.provider.CommandHandlerProvider [] - Register command handler 'closeClientCommandHandler' ...
2020-07-03T18:18:35.070Z org.apache.fineract.commands.provider.CommandHandlerProvider [] - Register command handler 'createClientChargeCommandHandler' ...
2020-07-03T18:18:35.070Z org.apache.fineract.commands.provider.CommandHandlerProvider [] - Register command handler 'createClientCommandHandler' ...
2020-07-03T18:18:35.070Z org.apache.fineract.commands.provider.CommandHandlerProvider [] - Register command handler 'createClientIdentifierCommandHandler' ...
2020-07-03T18:18:35.070Z org.apache.fineract.commands.provider.CommandHandlerProvider [] - Register command handler 'deleteClientChargeCommandHandler' ...
2020-07-03T18:18:35.070Z org.apache.fineract.commands.provider.CommandHandlerProvider [] - Register command handler 'deleteClientCommandHandler' ...
2020-07-03T18:18:35.070Z org.apache.fineract.commands.provider.CommandHandlerProvider [] - Register command handler 'deleteClientFamilyMemberCommandHandler' ...
2020-07-03T18:18:35.070Z org.apache.fineract.commands.provider.CommandHandlerProvider [] - Register command handler 'deleteClientIdentifierCommandHandler' ...
2020-07-03T18:18:35.070Z org.apache.fineract.commands.provider.CommandHandlerProvider [] - Register command handler 'payClientChargeCommandHandler' ...
2020-07-03T18:18:35.070Z org.apache.fineract.commands.provider.CommandHandlerProvider [] - Register command handler 'reActivateClientCommandHandler' ...
2020-07-03T18:18:35.070Z org.apache.fineract.commands.provider.CommandHandlerProvider [] - Register command handler 'rejectClientCommandHandler' ...
2020-07-03T18:18:35.070Z org.apache.fineract.commands.provider.CommandHandlerProvider [] - Register command handler 'unassignClientStaffCommandHandler' ...
2020-07-03T18:18:35.070Z org.apache.fineract.commands.provider.CommandHandlerProvider [] - Register command handler 'undoClientTransactionCommandHandler' ...
2020-07-03T18:18:35.070Z org.apache.fineract.commands.provider.CommandHandlerProvider [] - Register command handler 'undoRejectClientCommandHandler' ...
2020-07-03T18:18:35.070Z org.apache.fineract.commands.provider.CommandHandlerProvider [] - Register command handler 'undoWithdrawalCommandHandler' ...
2020-07-03T18:18:35.070Z org.apache.fineract.commands.provider.CommandHandlerProvider [] - Register command handler 'updateClientAddressCommandHandler' ...
2020-07-03T18:18:35.070Z org.apache.fineract.commands.provider.CommandHandlerProvider [] - Register command handler 'updateClientCommandHandler' ...
2020-07-03T18:18:35.070Z org.apache.fineract.commands.provider.CommandHandlerProvider [] - Register command handler 'updateClientFamilyMemberCommandHandler' ...
2020-07-03T18:18:35.070Z org.apache.fineract.commands.provider.CommandHandlerProvider [] - Register command handler 'updateClientIdentifierCommandHandler' ...
2020-07-03T18:18:35.070Z org.apache.fineract.commands.provider.CommandHandlerProvider [] - Register command handler 'updateClientSavingsAccountCommandHandler' ...
2020-07-03T18:18:35.070Z org.apache.fineract.commands.provider.CommandHandlerProvider [] - Register command handler 'waiveClientChargeCommandHandler' ...
2020-07-03T18:18:35.070Z org.apache.fineract.commands.provider.CommandHandlerProvider [] - Register command handler 'withdrawClientCommandHandler' ...
2020-07-03T18:18:35.070Z org.apache.fineract.commands.provider.CommandHandlerProvider [] - Register command handler 'createCollateralCommandHandler' ...
2020-07-03T18:18:35.070Z org.apache.fineract.commands.provider.CommandHandlerProvider [] - Register command handler 'deleteCollateralCommandHandler' ...
2020-07-03T18:18:35.070Z org.apache.fineract.commands.provider.CommandHandlerProvider [] - Register command handler 'updateCollateralCommandHandler' ...
2020-07-03T18:18:35.070Z org.apache.fineract.commands.provider.CommandHandlerProvider [] - Register command handler 'saveIndividualCollectionSheetCommandHandler' ...
2020-07-03T18:18:35.071Z org.apache.fineract.commands.provider.CommandHandlerProvider [] - Register command handler 'updateCollectionSheetCommandHandler' ...
2020-07-03T18:18:35.071Z org.apache.fineract.commands.provider.CommandHandlerProvider [] - Register command handler 'createFloatingRateCommandHandler' ...
2020-07-03T18:18:35.071Z org.apache.fineract.commands.provider.CommandHandlerProvider [] - Register command handler 'updateFloatingRateCommandHandler' ...
2020-07-03T18:18:35.071Z org.apache.fineract.commands.provider.CommandHandlerProvider [] - Register command handler 'createFundCommandHandler' ...
2020-07-03T18:18:35.071Z org.apache.fineract.commands.provider.CommandHandlerProvider [] - Register command handler 'updateFundCommandHandler' ...
2020-07-03T18:18:35.071Z org.apache.fineract.commands.provider.CommandHandlerProvider [] - Register command handler 'activateCenterCommandHandler' ...
2020-07-03T18:18:35.071Z org.apache.fineract.commands.provider.CommandHandlerProvider [] - Register command handler 'activateGroupCommandHandler' ...
2020-07-03T18:18:35.071Z org.apache.fineract.commands.provider.CommandHandlerProvider [] - Register command handler 'assignGroupStaffCommandHandler' ...
2020-07-03T18:18:35.071Z org.apache.fineract.commands.provider.CommandHandlerProvider [] - Register command handler 'assignRoleCommandHandler' ...
2020-07-03T18:18:35.071Z org.apache.fineract.commands.provider.CommandHandlerProvider [] - Register command handler 'associateClientsToGroupCommandHandler' ...
2020-07-03T18:18:35.071Z org.apache.fineract.commands.provider.CommandHandlerProvider [] - Register command handler 'associateGroupsToCenterCommandHandler' ...
2020-07-03T18:18:35.071Z org.apache.fineract.commands.provider.CommandHandlerProvider [] - Register command handler 'closeCenterCommandHandler' ...
2020-07-03T18:18:35.071Z org.apache.fineract.commands.provider.CommandHandlerProvider [] - Register command handler 'closeGroupCommandHandler' ...
2020-07-03T18:18:35.071Z org.apache.fineract.commands.provider.CommandHandlerProvider [] - Register command handler 'createCenterCommandHandler' ...
2020-07-03T18:18:35.071Z org.apache.fineract.commands.provider.CommandHandlerProvider [] - Register command handler 'createGroupCommandHandler' ...
2020-07-03T18:18:35.071Z org.apache.fineract.commands.provider.CommandHandlerProvider [] - Register command handler 'deleteCenterCommandHandler' ...
2020-07-03T18:18:35.071Z org.apache.fineract.commands.provider.CommandHandlerProvider [] - Register command handler 'deleteGroupCommandHandler' ...
2020-07-03T18:18:35.071Z org.apache.fineract.commands.provider.CommandHandlerProvider [] - Register command handler 'disassociateClientsFromGroupCommandHandler' ...
2020-07-03T18:18:35.071Z org.apache.fineract.commands.provider.CommandHandlerProvider [] - Register command handler 'disassociateGroupsFromCenterCommandHandler' ...
2020-07-03T18:18:35.071Z org.apache.fineract.commands.provider.CommandHandlerProvider [] - Register command handler 'saveCenterCollectionSheetCommandHandler' ...
2020-07-03T18:18:35.071Z org.apache.fineract.commands.provider.CommandHandlerProvider [] - Register command handler 'saveGroupCollectionSheetCommandHandler' ...
2020-07-03T18:18:35.071Z org.apache.fineract.commands.provider.CommandHandlerProvider [] - Register command handler 'unassignGroupStaffCommandHandler' ...
2020-07-03T18:18:35.071Z org.apache.fineract.commands.provider.CommandHandlerProvider [] - Register command handler 'unassignRoleCommandHandler' ...
2020-07-03T18:18:35.071Z org.apache.fineract.commands.provider.CommandHandlerProvider [] - Register command handler 'updateCenterCommandHandler' ...
2020-07-03T18:18:35.071Z org.apache.fineract.commands.provider.CommandHandlerProvider [] - Register command handler 'updateGroupCommandHandler' ...
2020-07-03T18:18:35.071Z org.apache.fineract.commands.provider.CommandHandlerProvider [] - Register command handler 'updateGroupRoleCommandHandler' ...
2020-07-03T18:18:35.071Z org.apache.fineract.commands.provider.CommandHandlerProvider [] - Register command handler 'createInterestRateChartCommandHandler' ...
2020-07-03T18:18:35.071Z org.apache.fineract.commands.provider.CommandHandlerProvider [] - Register command handler 'createInterestRateChartSlabCommandHandler' ...
2020-07-03T18:18:35.071Z org.apache.fineract.commands.provider.CommandHandlerProvider [] - Register command handler 'deleteInterestRateChartCommandHandler' ...
2020-07-03T18:18:35.071Z org.apache.fineract.commands.provider.CommandHandlerProvider [] - Register command handler 'deleteInterestRateChartSlabCommandHandler' ...
2020-07-03T18:18:35.071Z org.apache.fineract.commands.provider.CommandHandlerProvider [] - Register command handler 'updateInterestRateChartCommandHandler' ...
2020-07-03T18:18:35.071Z org.apache.fineract.commands.provider.CommandHandlerProvider [] - Register command handler 'updateInterestRateChartSlabCommandHandler' ...
2020-07-03T18:18:35.071Z org.apache.fineract.commands.provider.CommandHandlerProvider [] - Register command handler 'createLoanProductCommandHandler' ...
2020-07-03T18:18:35.071Z org.apache.fineract.commands.provider.CommandHandlerProvider [] - Register command handler 'updateLoanProductCommandHandler' ...
2020-07-03T18:18:35.071Z org.apache.fineract.commands.provider.CommandHandlerProvider [] - Register command handler 'createProductMixCommandHandler' ...
2020-07-03T18:18:35.072Z org.apache.fineract.commands.provider.CommandHandlerProvider [] - Register command handler 'deleteProductMixCommandHandler' ...
2020-07-03T18:18:35.072Z org.apache.fineract.commands.provider.CommandHandlerProvider [] - Register command handler 'updateProductMixCommandHandler' ...
2020-07-03T18:18:35.072Z org.apache.fineract.commands.provider.CommandHandlerProvider [] - Register command handler 'createMeetingCommandHandler' ...
2020-07-03T18:18:35.072Z org.apache.fineract.commands.provider.CommandHandlerProvider [] - Register command handler 'deleteMeetingCommandHandler' ...
2020-07-03T18:18:35.072Z org.apache.fineract.commands.provider.CommandHandlerProvider [] - Register command handler 'updateMeetingAttendanceCommandHandler' ...
2020-07-03T18:18:35.072Z org.apache.fineract.commands.provider.CommandHandlerProvider [] - Register command handler 'updateMeetingCommandHandler' ...
2020-07-03T18:18:35.072Z org.apache.fineract.commands.provider.CommandHandlerProvider [] - Register command handler 'createPaymentTypeCommandHandler' ...
2020-07-03T18:18:35.072Z org.apache.fineract.commands.provider.CommandHandlerProvider [] - Register command handler 'deletePaymentTypeCommandHandler' ...
2020-07-03T18:18:35.072Z org.apache.fineract.commands.provider.CommandHandlerProvider [] - Register command handler 'updatePaymentTypeCommandHandler' ...
2020-07-03T18:18:35.072Z org.apache.fineract.commands.provider.CommandHandlerProvider [] - Register command handler 'activateFixedDepositAccountCommandHandler' ...
2020-07-03T18:18:35.072Z org.apache.fineract.commands.provider.CommandHandlerProvider [] - Register command handler 'activateRecurringDepositAccountCommandHandler' ...
2020-07-03T18:18:35.072Z org.apache.fineract.commands.provider.CommandHandlerProvider [] - Register command handler 'activateSavingsAccountCommandHandler' ...
2020-07-03T18:18:35.072Z org.apache.fineract.commands.provider.CommandHandlerProvider [] - Register command handler 'addSavingsAccountChargeCommandHandler' ...
2020-07-03T18:18:35.072Z org.apache.fineract.commands.provider.CommandHandlerProvider [] - Register command handler 'applyAnnualFeeSavingsAccountCommandHandler' ...
2020-07-03T18:18:35.072Z org.apache.fineract.commands.provider.CommandHandlerProvider [] - Register command handler 'blockCreditsToSavingsAccountCommandHandler' ...
2020-07-03T18:18:35.072Z org.apache.fineract.commands.provider.CommandHandlerProvider [] - Register command handler 'blockDebitsFromSavingsAccountCommandHandler' ...
2020-07-03T18:18:35.072Z org.apache.fineract.commands.provider.CommandHandlerProvider [] - Register command handler 'blockSavingsAccountCommandHandler' ...
2020-07-03T18:18:35.072Z org.apache.fineract.commands.provider.CommandHandlerProvider [] - Register command handler 'calculateInterestFixedDepositAccountCommandHandler' ...
2020-07-03T18:18:35.072Z org.apache.fineract.commands.provider.CommandHandlerProvider [] - Register command handler 'calculateInterestRecurringDepositAccountCommandHandler' ...
2020-07-03T18:18:35.072Z org.apache.fineract.commands.provider.CommandHandlerProvider [] - Register command handler 'calculateInterestSavingsAccountCommandHandler' ...
2020-07-03T18:18:35.072Z org.apache.fineract.commands.provider.CommandHandlerProvider [] - Register command handler 'closeFixedDepositAccountCommandHandler' ...
2020-07-03T18:18:35.072Z org.apache.fineract.commands.provider.CommandHandlerProvider [] - Register command handler 'closeRecurringDepositAccountCommandHandler' ...
2020-07-03T18:18:35.072Z org.apache.fineract.commands.provider.CommandHandlerProvider [] - Register command handler 'closeSavingsAccountCommandHandler' ...
2020-07-03T18:18:35.072Z org.apache.fineract.commands.provider.CommandHandlerProvider [] - Register command handler 'createFixedDepositProductCommandHandler' ...
2020-07-03T18:18:35.072Z org.apache.fineract.commands.provider.CommandHandlerProvider [] - Register command handler 'createRecurringDepositProductCommandHandler' ...
2020-07-03T18:18:35.072Z org.apache.fineract.commands.provider.CommandHandlerProvider [] - Register command handler 'createSavingsProductCommandHandler' ...
2020-07-03T18:18:35.072Z org.apache.fineract.commands.provider.CommandHandlerProvider [] - Register command handler 'deleteFixedDepositProductCommandHandler' ...
2020-07-03T18:18:35.072Z org.apache.fineract.commands.provider.CommandHandlerProvider [] - Register command handler 'deleteRecurringDepositProductCommandHandler' ...
2020-07-03T18:18:35.072Z org.apache.fineract.commands.provider.CommandHandlerProvider [] - Register command handler 'deleteSavingsAccountChargeCommandHandler' ...
2020-07-03T18:18:35.072Z org.apache.fineract.commands.provider.CommandHandlerProvider [] - Register command handler 'deleteSavingsProductCommandHandler' ...
2020-07-03T18:18:35.072Z org.apache.fineract.commands.provider.CommandHandlerProvider [] - Register command handler 'depositSavingsAccountCommandHandler' ...
2020-07-03T18:18:35.072Z org.apache.fineract.commands.provider.CommandHandlerProvider [] - Register command handler 'fixedDepositAccountApplicationApprovalCommandHandler' ...
2020-07-03T18:18:35.072Z org.apache.fineract.commands.provider.CommandHandlerProvider [] - Register command handler 'fixedDepositAccountApplicationApprovalUndoCommandHandler' ...
2020-07-03T18:18:35.072Z org.apache.fineract.commands.provider.CommandHandlerProvider [] - Register command handler 'fixedDepositAccountApplicationDeletionCommandHandler' ...
2020-07-03T18:18:35.072Z org.apache.fineract.commands.provider.CommandHandlerProvider [] - Register command handler 'fixedDepositAccountApplicationModificationCommandHandler' ...
2020-07-03T18:18:35.072Z org.apache.fineract.commands.provider.CommandHandlerProvider [] - Register command handler 'fixedDepositAccountApplicationRejectedCommandHandler' ...
2020-07-03T18:18:35.072Z org.apache.fineract.commands.provider.CommandHandlerProvider [] - Register command handler 'fixedDepositAccountApplicationSubmittalCommandHandler' ...
2020-07-03T18:18:35.072Z org.apache.fineract.commands.provider.CommandHandlerProvider [] - Register command handler 'fixedDepositAccountApplicationWithdrawnByApplicantCommandHandler' ...
2020-07-03T18:18:35.072Z org.apache.fineract.commands.provider.CommandHandlerProvider [] - Register command handler 'fixedDepositAccountDepositCommandHandler' ...
2020-07-03T18:18:35.072Z org.apache.fineract.commands.provider.CommandHandlerProvider [] - Register command handler 'fixedDepositTransactionAdjustmentCommandHandler' ...
2020-07-03T18:18:35.073Z org.apache.fineract.commands.provider.CommandHandlerProvider [] - Register command handler 'holdAmountSavingsAccountCommandHandler' ...
2020-07-03T18:18:35.073Z org.apache.fineract.commands.provider.CommandHandlerProvider [] - Register command handler 'inactivateSavingsAccountChargeCommandHandler' ...
2020-07-03T18:18:35.073Z org.apache.fineract.commands.provider.CommandHandlerProvider [] - Register command handler 'paySavingsAccountChargeCommandHandler' ...
2020-07-03T18:18:35.073Z org.apache.fineract.commands.provider.CommandHandlerProvider [] - Register command handler 'postInterestFixedDepositAccountCommandHandler' ...
2020-07-03T18:18:35.073Z org.apache.fineract.commands.provider.CommandHandlerProvider [] - Register command handler 'postInterestRecurringDepositAccountCommandHandler' ...
2020-07-03T18:18:35.073Z org.apache.fineract.commands.provider.CommandHandlerProvider [] - Register command handler 'postInterestSavingsAccountCommandHandler' ...
2020-07-03T18:18:35.073Z org.apache.fineract.commands.provider.CommandHandlerProvider [] - Register command handler 'postSavingsAccountInterestAsOnDateCommandHandler' ...
2020-07-03T18:18:35.073Z org.apache.fineract.commands.provider.CommandHandlerProvider [] - Register command handler 'prematureCloseFixedDepositAccountCommandHandler' ...
2020-07-03T18:18:35.073Z org.apache.fineract.commands.provider.CommandHandlerProvider [] - Register command handler 'prematureCloseRecurringDepositAccountCommandHandler' ...
2020-07-03T18:18:35.073Z org.apache.fineract.commands.provider.CommandHandlerProvider [] - Register command handler 'recurringDepositAccountApplicationApprovalCommandHandler' ...
2020-07-03T18:18:35.073Z org.apache.fineract.commands.provider.CommandHandlerProvider [] - Register command handler 'recurringDepositAccountApplicationApprovalUndoCommandHandler' ...
2020-07-03T18:18:35.073Z org.apache.fineract.commands.provider.CommandHandlerProvider [] - Register command handler 'recurringDepositAccountApplicationDeletionCommandHandler' ...
2020-07-03T18:18:35.074Z org.apache.fineract.commands.provider.CommandHandlerProvider [] - Register command handler 'recurringDepositAccountApplicationModificationCommandHandler' ...
2020-07-03T18:18:35.074Z org.apache.fineract.commands.provider.CommandHandlerProvider [] - Register command handler 'recurringDepositAccountApplicationRejectedCommandHandler' ...
2020-07-03T18:18:35.074Z org.apache.fineract.commands.provider.CommandHandlerProvider [] - Register command handler 'recurringDepositAccountApplicationSubmittalCommandHandler' ...
2020-07-03T18:18:35.074Z org.apache.fineract.commands.provider.CommandHandlerProvider [] - Register command handler 'recurringDepositAccountApplicationWithdrawnByApplicantCommandHandler' ...
2020-07-03T18:18:35.074Z org.apache.fineract.commands.provider.CommandHandlerProvider [] - Register command handler 'recurringDepositAccountDepositCommandHandler' ...
2020-07-03T18:18:35.074Z org.apache.fineract.commands.provider.CommandHandlerProvider [] - Register command handler 'recurringDepositAccountUpdateDepositAmountCommandHandler' ...
2020-07-03T18:18:35.074Z org.apache.fineract.commands.provider.CommandHandlerProvider [] - Register command handler 'recurringDepositTransactionAdjustmentCommandHandler' ...
2020-07-03T18:18:35.074Z org.apache.fineract.commands.provider.CommandHandlerProvider [] - Register command handler 'releaseAmountSavingsAccountCommandHandler' ...
2020-07-03T18:18:35.074Z org.apache.fineract.commands.provider.CommandHandlerProvider [] - Register command handler 'removeSavingsOfficerCommandHandler' ...
2020-07-03T18:18:35.074Z org.apache.fineract.commands.provider.CommandHandlerProvider [] - Register command handler 'savingsAccountApplicationApprovalCommandHandler' ...
2020-07-03T18:18:35.074Z org.apache.fineract.commands.provider.CommandHandlerProvider [] - Register command handler 'savingsAccountApplicationApprovalUndoCommandHandler' ...
2020-07-03T18:18:35.074Z org.apache.fineract.commands.provider.CommandHandlerProvider [] - Register command handler 'savingsAccountApplicationDeletionCommandHandler' ...
2020-07-03T18:18:35.074Z org.apache.fineract.commands.provider.CommandHandlerProvider [] - Register command handler 'savingsAccountApplicationModificationCommandHandler' ...
2020-07-03T18:18:35.074Z org.apache.fineract.commands.provider.CommandHandlerProvider [] - Register command handler 'savingsAccountApplicationRejectedCommandHandler' ...
2020-07-03T18:18:35.074Z org.apache.fineract.commands.provider.CommandHandlerProvider [] - Register command handler 'savingsAccountApplicationSubmittalCommandHandler' ...
2020-07-03T18:18:35.074Z org.apache.fineract.commands.provider.CommandHandlerProvider [] - Register command handler 'savingsAccountApplicationWithdrawnByApplicantCommandHandler' ...
2020-07-03T18:18:35.074Z org.apache.fineract.commands.provider.CommandHandlerProvider [] - Register command handler 'savingsTransactionAdjustmentCommandHandler' ...
2020-07-03T18:18:35.074Z org.apache.fineract.commands.provider.CommandHandlerProvider [] - Register command handler 'unblockCreditsToSavingsAccountCommandHandler' ...
2020-07-03T18:18:35.074Z org.apache.fineract.commands.provider.CommandHandlerProvider [] - Register command handler 'unblockDebitsFromSavingsAccountCommandHandler' ...
2020-07-03T18:18:35.074Z org.apache.fineract.commands.provider.CommandHandlerProvider [] - Register command handler 'unblockSavingsAccountCommandHandler' ...
2020-07-03T18:18:35.074Z org.apache.fineract.commands.provider.CommandHandlerProvider [] - Register command handler 'undoTransactionFixedDepositAccountCommandHandler' ...
2020-07-03T18:18:35.074Z org.apache.fineract.commands.provider.CommandHandlerProvider [] - Register command handler 'undoTransactionRecurringDepositAccountCommandHandler' ...
2020-07-03T18:18:35.074Z org.apache.fineract.commands.provider.CommandHandlerProvider [] - Register command handler 'undoTransactionSavingsAccountCommandHandler' ...
2020-07-03T18:18:35.074Z org.apache.fineract.commands.provider.CommandHandlerProvider [] - Register command handler 'updateFixedDepositProductCommandHandler' ...
2020-07-03T18:18:35.074Z org.apache.fineract.commands.provider.CommandHandlerProvider [] - Register command handler 'updateRecurringDepositProductCommandHandler' ...
2020-07-03T18:18:35.074Z org.apache.fineract.commands.provider.CommandHandlerProvider [] - Register command handler 'updateSavingsAccountChargeCommandHandler' ...
2020-07-03T18:18:35.074Z org.apache.fineract.commands.provider.CommandHandlerProvider [] - Register command handler 'updateSavingsOfficerCommandHandler' ...
2020-07-03T18:18:35.074Z org.apache.fineract.commands.provider.CommandHandlerProvider [] - Register command handler 'updateSavingsProductCommandHandler' ...
2020-07-03T18:18:35.074Z org.apache.fineract.commands.provider.CommandHandlerProvider [] - Register command handler 'updateWithHoldTaxSavingsAccountCommandHandler' ...
2020-07-03T18:18:35.074Z org.apache.fineract.commands.provider.CommandHandlerProvider [] - Register command handler 'waiveSavingsAccountChargeCommandHandler' ...
2020-07-03T18:18:35.074Z org.apache.fineract.commands.provider.CommandHandlerProvider [] - Register command handler 'withdrawSavingsAccountCommandHandler' ...
2020-07-03T18:18:35.074Z org.apache.fineract.commands.provider.CommandHandlerProvider [] - Register command handler 'withdrawalFixedDepositAccountCommandHandler' ...
2020-07-03T18:18:35.074Z org.apache.fineract.commands.provider.CommandHandlerProvider [] - Register command handler 'withdrawalRecurringDepositAccountCommandHandler' ...
2020-07-03T18:18:35.074Z org.apache.fineract.commands.provider.CommandHandlerProvider [] - Register command handler 'addSelfBeneficiariesTPTCommandHandler' ...
2020-07-03T18:18:35.074Z org.apache.fineract.commands.provider.CommandHandlerProvider [] - Register command handler 'deleteSelfBeneficiariesTPTCommandHandler' ...
2020-07-03T18:18:35.074Z org.apache.fineract.commands.provider.CommandHandlerProvider [] - Register command handler 'updateSelfBeneficiariesTPTCommandHandler' ...
2020-07-03T18:18:35.074Z org.apache.fineract.commands.provider.CommandHandlerProvider [] - Register command handler 'delinkAccountsFromPocketCommandHandler' ...
2020-07-03T18:18:35.074Z org.apache.fineract.commands.provider.CommandHandlerProvider [] - Register command handler 'linkAccountsToPocketCommandHandler' ...
2020-07-03T18:18:35.074Z org.apache.fineract.commands.provider.CommandHandlerProvider [] - Register command handler 'activateShareAccountCommandHandler' ...
2020-07-03T18:18:35.074Z org.apache.fineract.commands.provider.CommandHandlerProvider [] - Register command handler 'applyAddtionalSharesCommandHandler' ...
2020-07-03T18:18:35.074Z org.apache.fineract.commands.provider.CommandHandlerProvider [] - Register command handler 'approveAddtionalSharesCommandHandler' ...
2020-07-03T18:18:35.074Z org.apache.fineract.commands.provider.CommandHandlerProvider [] - Register command handler 'approveShareAccountCommandHandler' ...
2020-07-03T18:18:35.074Z org.apache.fineract.commands.provider.CommandHandlerProvider [] - Register command handler 'closeShareAccountCommandHandler' ...
2020-07-03T18:18:35.074Z org.apache.fineract.commands.provider.CommandHandlerProvider [] - Register command handler 'createShareAccountCommandHandler' ...
2020-07-03T18:18:35.074Z org.apache.fineract.commands.provider.CommandHandlerProvider [] - Register command handler 'redeemSharesCommandHandler' ...
2020-07-03T18:18:35.074Z org.apache.fineract.commands.provider.CommandHandlerProvider [] - Register command handler 'rejectAddtionalSharesCommandHandler' ...
2020-07-03T18:18:35.074Z org.apache.fineract.commands.provider.CommandHandlerProvider [] - Register command handler 'rejectShareAccountCommandHandler' ...
2020-07-03T18:18:35.074Z org.apache.fineract.commands.provider.CommandHandlerProvider [] - Register command handler 'undoApproveShareAccountCommandHandler' ...
2020-07-03T18:18:35.074Z org.apache.fineract.commands.provider.CommandHandlerProvider [] - Register command handler 'updateShareAccountCommandHandler' ...
2020-07-03T18:18:35.074Z org.apache.fineract.commands.provider.CommandHandlerProvider [] - Register command handler 'approveShareProductDividendCommandHandler' ...
2020-07-03T18:18:35.074Z org.apache.fineract.commands.provider.CommandHandlerProvider [] - Register command handler 'createShareProductCommandHandler' ...
2020-07-03T18:18:35.074Z org.apache.fineract.commands.provider.CommandHandlerProvider [] - Register command handler 'createShareProductDividendCommandHandler' ...
2020-07-03T18:18:35.074Z org.apache.fineract.commands.provider.CommandHandlerProvider [] - Register command handler 'deleteShareProductDividendCommandHandler' ...
2020-07-03T18:18:35.074Z org.apache.fineract.commands.provider.CommandHandlerProvider [] - Register command handler 'updateShareProductCommandHandler' ...
2020-07-03T18:18:35.074Z org.apache.fineract.commands.provider.CommandHandlerProvider [] - Register command handler 'createTaxComponentCommandHandler' ...
2020-07-03T18:18:35.075Z org.apache.fineract.commands.provider.CommandHandlerProvider [] - Register command handler 'createTaxGroupCommandHandler' ...
2020-07-03T18:18:35.075Z org.apache.fineract.commands.provider.CommandHandlerProvider [] - Register command handler 'updateTaxComponentCommandHandler' ...
2020-07-03T18:18:35.075Z org.apache.fineract.commands.provider.CommandHandlerProvider [] - Register command handler 'updateTaxGroupCommandHandler' ...
2020-07-03T18:18:35.075Z org.apache.fineract.commands.provider.CommandHandlerProvider [] - Register command handler 'acceptClientTransferCommandHandler' ...
2020-07-03T18:18:35.075Z org.apache.fineract.commands.provider.CommandHandlerProvider [] - Register command handler 'proposeAndAcceptClientTransferCommandHandler' ...
2020-07-03T18:18:35.075Z org.apache.fineract.commands.provider.CommandHandlerProvider [] - Register command handler 'proposeClientTransferCommandHandler' ...
2020-07-03T18:18:35.075Z org.apache.fineract.commands.provider.CommandHandlerProvider [] - Register command handler 'rejectClientTransferCommandHandler' ...
2020-07-03T18:18:35.075Z org.apache.fineract.commands.provider.CommandHandlerProvider [] - Register command handler 'transferClientsBetweenGroupsCommandHandler' ...
2020-07-03T18:18:35.075Z org.apache.fineract.commands.provider.CommandHandlerProvider [] - Register command handler 'withdrawClientTransferCommandHandler' ...
2020-07-03T18:18:35.075Z org.apache.fineract.commands.provider.CommandHandlerProvider [] - Register command handler 'createRoleCommandHandler' ...
2020-07-03T18:18:35.075Z org.apache.fineract.commands.provider.CommandHandlerProvider [] - Register command handler 'createUserCommandHandler' ...
2020-07-03T18:18:35.075Z org.apache.fineract.commands.provider.CommandHandlerProvider [] - Register command handler 'deleteRoleCommandHandler' ...
2020-07-03T18:18:35.075Z org.apache.fineract.commands.provider.CommandHandlerProvider [] - Register command handler 'deleteUserCommandHandler' ...
2020-07-03T18:18:35.075Z org.apache.fineract.commands.provider.CommandHandlerProvider [] - Register command handler 'disableRoleCommandHandler' ...
2020-07-03T18:18:35.075Z org.apache.fineract.commands.provider.CommandHandlerProvider [] - Register command handler 'enableRoleCommandHandler' ...
2020-07-03T18:18:35.075Z org.apache.fineract.commands.provider.CommandHandlerProvider [] - Register command handler 'updateMakerCheckerPermissionsCommandHandler' ...
2020-07-03T18:18:35.075Z org.apache.fineract.commands.provider.CommandHandlerProvider [] - Register command handler 'updatePasswordPreferencesCommandHandler' ...
2020-07-03T18:18:35.075Z org.apache.fineract.commands.provider.CommandHandlerProvider [] - Register command handler 'updateRoleCommandHandler' ...
2020-07-03T18:18:35.075Z org.apache.fineract.commands.provider.CommandHandlerProvider [] - Register command handler 'updateRolePermissionsCommandHandler' ...
2020-07-03T18:18:35.075Z org.apache.fineract.commands.provider.CommandHandlerProvider [] - Register command handler 'updateUserCommandHandler' ...
2020-07-03T18:18:35.075Z org.apache.fineract.commands.provider.CommandHandlerProvider [] - Register command handler 'updateTaxonomyMappingCommandHandler' ...
2020-07-03T18:18:35.075Z org.apache.fineract.commands.provider.CommandHandlerProvider [] - Register command handler 'createTemplateCommandHandler' ...
2020-07-03T18:18:35.075Z org.apache.fineract.commands.provider.CommandHandlerProvider [] - Register command handler 'deleteTemplateCommandHandler' ...
2020-07-03T18:18:35.075Z org.apache.fineract.commands.provider.CommandHandlerProvider [] - Register command handler 'updateTemplateCommandHandler' ...
2020-07-03T18:18:35.075Z org.apache.fineract.commands.provider.CommandHandlerProvider [] - Register command handler 'createAdHocCommandHandler' ...
2020-07-03T18:18:35.075Z org.apache.fineract.commands.provider.CommandHandlerProvider [] - Register command handler 'deleteAdHocCommandHandler' ...
2020-07-03T18:18:35.075Z org.apache.fineract.commands.provider.CommandHandlerProvider [] - Register command handler 'updateAdHocCommandHandler' ...
2020-07-03T18:18:39.516Z org.springframework.scheduling.quartz.SchedulerFactoryBean [] - Starting Quartz Scheduler now
2020-07-03T18:18:39.757Z org.springframework.scheduling.quartz.SchedulerFactoryBean [] - Starting Quartz Scheduler now
2020-07-03T18:18:39.848Z org.springframework.scheduling.quartz.SchedulerFactoryBean [] - Starting Quartz Scheduler now
2020-07-03T18:18:40.071Z org.springframework.scheduling.quartz.SchedulerFactoryBean [] - Starting Quartz Scheduler now
2020-07-03T18:18:44.654Z org.reflections.Reflections [] - Reflections took 766 ms to scan 1 urls, producing 5737 keys and 11000 values 
2020-07-03T18:18:46.773Z io.swagger.jaxrs.Reader [] - Unknown implicit parameter type: []
2020-07-03T18:18:47.815Z org.springframework.boot.actuate.endpoint.web.EndpointLinksResolver [] - Exposing 2 endpoint(s) beneath base path '/actuator'
2020-07-03T18:18:48.130Z org.apache.fineract.infrastructure.core.boot.db.TenantDataSourcePortFixService [] - Network Error: ActiveMQ Broker Unavailable.
2020-07-03T18:18:48.140Z org.springframework.scheduling.quartz.SchedulerFactoryBean [] - Starting Quartz Scheduler now
2020-07-03T18:18:48.153Z org.apache.fineract.infrastructure.core.boot.WarWebApplicationInitializer [] - Started WarWebApplicationInitializer in 44.343 seconds (JVM running for 111.734)
2020-07-03T18:18:49.692Z org.apache.fineract.infrastructure.core.service.AbandonedConnectionCleanupShutdownListener [traceId=6342316497ebb65b, spanId=6342316497ebb65b, spanExportable=false, X-Span-Export=false, X-B3-SpanId=6342316497ebb65b, X-B3-TraceId=6342316497ebb65b] - JDBC driver de-registered successfully
2020-07-03T18:19:19.703Z org.springframework.context.support.DefaultLifecycleProcessor [] - Failed to shut down 1 bean with phase value 2147483647 within timeout of 30000: [messageListenerContainer]
2020-07-03T18:19:19.707Z org.springframework.scheduling.quartz.SchedulerFactoryBean [] - Shutting down Quartz Scheduler
2020-07-03T18:19:20.119Z org.springframework.cache.ehcache.EhCacheManagerFactoryBean [] - Shutting down EhCache CacheManager
2020-07-03T18:19:20.230Z org.springframework.orm.jpa.LocalContainerEntityManagerFactoryBean [] - Closing JPA EntityManagerFactory for persistence unit 'jpa-pu'
2020-07-03T18:20:48.259Z org.springframework.context.support.PostProcessorRegistrationDelegate$BeanPostProcessorChecker [] - Bean 'org.springframework.cloud.autoconfigure.ConfigurationPropertiesRebinderAutoConfiguration' of type [org.springframework.cloud.autoconfigure.ConfigurationPropertiesRebinderAutoConfiguration] is not eligible for getting processed by all BeanPostProcessors (for example: not eligible for auto-proxying)
2020-07-03T18:20:48.489Z org.apache.fineract.infrastructure.core.boot.WarWebApplicationInitializer [] - The following profiles are active: oauth
2020-07-03T18:20:50.077Z org.springframework.security.core.SpringSecurityCoreVersion [] - You are running with Spring Security Core 5.2.1.RELEASE
2020-07-03T18:20:50.084Z org.springframework.security.config.SecurityNamespaceHandler [] - Spring Security 'config' module version is 5.2.1.RELEASE
2020-07-03T18:20:50.121Z org.springframework.security.config.method.GlobalMethodSecurityBeanDefinitionParser [] - Expressions were enabled for method security but no SecurityExpressionHandler was configured. All hasPermision() expressions will evaluate to false.
2020-07-03T18:20:52.368Z org.springframework.data.repository.config.RepositoryConfigurationDelegate [] - Bootstrapping Spring Data JPA repositories in DEFAULT mode.
